[2026-03-16T18:53:25.866+0000] {manager.py:470} INFO - Processing files using up to 2 processes at a time 
[2026-03-16T18:53:25.867+0000] {manager.py:471} INFO - Process each file at most once every 30 seconds
[2026-03-16T18:53:25.868+0000] {manager.py:472} INFO - Checking for new files in /opt/airflow/dags every 300 seconds
[2026-03-16T18:53:25.869+0000] {manager.py:737} INFO - Searching for files in /opt/airflow/dags
[2026-03-16T18:53:25.903+0000] {manager.py:740} INFO - There are 2 files in /opt/airflow/dags
[2026-03-16T18:53:26.011+0000] {manager.py:878} INFO - 
================================================================================
DAG File Processing Stats

File Path                                               PID  Runtime      # DAGs    # Errors  Last Runtime    Last Run
----------------------------------------------------  -----  ---------  --------  ----------  --------------  ----------
/opt/airflow/dags/enrich_precious_metals_with_rag.py     29  0.04s             0           0
/opt/airflow/dags/fetch_precious_metals.py               28  0.06s             0           0
================================================================================
[2026-03-16T18:53:56.178+0000] {manager.py:878} INFO - 
================================================================================
DAG File Processing Stats

File Path                                             PID    Runtime      # DAGs    # Errors  Last Runtime    Last Run
----------------------------------------------------  -----  ---------  --------  ----------  --------------  -------------------
/opt/airflow/dags/enrich_precious_metals_with_rag.py                           1           0  2.57s           2026-03-16T18:53:28
/opt/airflow/dags/fetch_precious_metals.py                                     1           0  0.78s           2026-03-16T18:53:26
================================================================================
[2026-03-16T18:54:26.725+0000] {manager.py:878} INFO - 
================================================================================
DAG File Processing Stats

File Path                                             PID    Runtime      # DAGs    # Errors  Last Runtime    Last Run
----------------------------------------------------  -----  ---------  --------  ----------  --------------  -------------------
/opt/airflow/dags/enrich_precious_metals_with_rag.py                           1           0  1.12s           2026-03-16T18:53:59
/opt/airflow/dags/fetch_precious_metals.py                                     1           0  0.35s           2026-03-16T18:53:57
================================================================================
[2026-03-16T18:54:56.997+0000] {manager.py:878} INFO - 
================================================================================
DAG File Processing Stats

File Path                                             PID    Runtime      # DAGs    # Errors  Last Runtime    Last Run
----------------------------------------------------  -----  ---------  --------  ----------  --------------  -------------------
/opt/airflow/dags/enrich_precious_metals_with_rag.py                           1           0  1.07s           2026-03-16T18:54:30
/opt/airflow/dags/fetch_precious_metals.py                                     1           0  0.27s           2026-03-16T18:54:28
================================================================================
[2026-03-16T18:55:27.233+0000] {manager.py:878} INFO - 
================================================================================
DAG File Processing Stats

File Path                                             PID    Runtime      # DAGs    # Errors  Last Runtime    Last Run
----------------------------------------------------  -----  ---------  --------  ----------  --------------  -------------------
/opt/airflow/dags/enrich_precious_metals_with_rag.py                           1           0  1.16s           2026-03-16T18:55:02
/opt/airflow/dags/fetch_precious_metals.py                                     1           0  0.23s           2026-03-16T18:54:58
================================================================================
[2026-03-16T18:55:57.808+0000] {manager.py:878} INFO - 
================================================================================
DAG File Processing Stats

File Path                                             PID    Runtime      # DAGs    # Errors  Last Runtime    Last Run
----------------------------------------------------  -----  ---------  --------  ----------  --------------  -------------------
/opt/airflow/dags/enrich_precious_metals_with_rag.py                           1           0  1.26s           2026-03-16T18:55:33
/opt/airflow/dags/fetch_precious_metals.py                                     1           0  0.25s           2026-03-16T18:55:28
================================================================================
[2026-03-16T18:56:28.003+0000] {manager.py:878} INFO - 
================================================================================
DAG File Processing Stats

File Path                                             PID    Runtime      # DAGs    # Errors  Last Runtime    Last Run
----------------------------------------------------  -----  ---------  --------  ----------  --------------  -------------------
/opt/airflow/dags/enrich_precious_metals_with_rag.py                           1           0  1.17s           2026-03-16T18:56:05
/opt/airflow/dags/fetch_precious_metals.py                                     1           0  0.22s           2026-03-16T18:55:59
================================================================================
[2026-03-16T18:56:58.334+0000] {manager.py:878} INFO - 
================================================================================
DAG File Processing Stats

File Path                                             PID    Runtime      # DAGs    # Errors  Last Runtime    Last Run
----------------------------------------------------  -----  ---------  --------  ----------  --------------  -------------------
/opt/airflow/dags/enrich_precious_metals_with_rag.py                           1           0  1.12s           2026-03-16T18:56:36
/opt/airflow/dags/fetch_precious_metals.py                                     1           0  0.27s           2026-03-16T18:56:29
================================================================================
[2026-03-16T18:57:28.610+0000] {manager.py:878} INFO - 
================================================================================
DAG File Processing Stats

File Path                                             PID    Runtime      # DAGs    # Errors  Last Runtime    Last Run
----------------------------------------------------  -----  ---------  --------  ----------  --------------  -------------------
/opt/airflow/dags/enrich_precious_metals_with_rag.py                           1           0  1.09s           2026-03-16T18:57:07
/opt/airflow/dags/fetch_precious_metals.py                                     1           0  0.24s           2026-03-16T18:56:59
================================================================================
[2026-03-16T18:57:58.845+0000] {manager.py:878} INFO - 
================================================================================
DAG File Processing Stats

File Path                                             PID    Runtime      # DAGs    # Errors  Last Runtime    Last Run
----------------------------------------------------  -----  ---------  --------  ----------  --------------  -------------------
/opt/airflow/dags/enrich_precious_metals_with_rag.py                           1           0  1.12s           2026-03-16T18:57:38
/opt/airflow/dags/fetch_precious_metals.py                                     1           0  0.26s           2026-03-16T18:57:30
================================================================================
[2026-03-16T18:58:26.109+0000] {manager.py:737} INFO - Searching for files in /opt/airflow/dags
[2026-03-16T18:58:26.130+0000] {manager.py:740} INFO - There are 2 files in /opt/airflow/dags
[2026-03-16T18:58:29.161+0000] {manager.py:878} INFO - 
================================================================================
DAG File Processing Stats

File Path                                             PID    Runtime      # DAGs    # Errors  Last Runtime    Last Run
----------------------------------------------------  -----  ---------  --------  ----------  --------------  -------------------
/opt/airflow/dags/enrich_precious_metals_with_rag.py                           1           0  1.02s           2026-03-16T18:58:10
/opt/airflow/dags/fetch_precious_metals.py                                     1           0  0.21s           2026-03-16T18:58:01
================================================================================
[2026-03-16T18:58:59.348+0000] {manager.py:878} INFO - 
================================================================================
DAG File Processing Stats

File Path                                             PID    Runtime      # DAGs    # Errors  Last Runtime    Last Run
----------------------------------------------------  -----  ---------  --------  ----------  --------------  -------------------
/opt/airflow/dags/enrich_precious_metals_with_rag.py                           1           0  0.99s           2026-03-16T18:58:41
/opt/airflow/dags/fetch_precious_metals.py                                     1           0  0.24s           2026-03-16T18:58:31
================================================================================
[2026-03-16T18:59:29.747+0000] {manager.py:878} INFO - 
================================================================================
DAG File Processing Stats

File Path                                             PID    Runtime      # DAGs    # Errors  Last Runtime    Last Run
----------------------------------------------------  -----  ---------  --------  ----------  --------------  -------------------
/opt/airflow/dags/enrich_precious_metals_with_rag.py                           1           0  1.03s           2026-03-16T18:59:12
/opt/airflow/dags/fetch_precious_metals.py                                     1           0  0.21s           2026-03-16T18:59:01
================================================================================
[2026-03-16T18:59:59.917+0000] {manager.py:878} INFO - 
================================================================================
DAG File Processing Stats

File Path                                             PID    Runtime      # DAGs    # Errors  Last Runtime    Last Run
----------------------------------------------------  -----  ---------  --------  ----------  --------------  -------------------
/opt/airflow/dags/enrich_precious_metals_with_rag.py                           1           0  0.98s           2026-03-16T18:59:43
/opt/airflow/dags/fetch_precious_metals.py                                     1           0  0.19s           2026-03-16T18:59:32
================================================================================
[2026-03-16T19:00:30.292+0000] {manager.py:878} INFO - 
================================================================================
DAG File Processing Stats

File Path                                             PID    Runtime      # DAGs    # Errors  Last Runtime    Last Run
----------------------------------------------------  -----  ---------  --------  ----------  --------------  -------------------
/opt/airflow/dags/enrich_precious_metals_with_rag.py                           1           0  1.16s           2026-03-16T19:00:15
/opt/airflow/dags/fetch_precious_metals.py                                     1           0  0.29s           2026-03-16T19:00:03
================================================================================
[2026-03-16T19:01:00.568+0000] {manager.py:878} INFO - 
================================================================================
DAG File Processing Stats

File Path                                             PID    Runtime      # DAGs    # Errors  Last Runtime    Last Run
----------------------------------------------------  -----  ---------  --------  ----------  --------------  -------------------
/opt/airflow/dags/enrich_precious_metals_with_rag.py                           1           0  0.96s           2026-03-16T19:00:46
/opt/airflow/dags/fetch_precious_metals.py                                     1           0  0.20s           2026-03-16T19:00:33
================================================================================
[2026-03-16T19:01:30.970+0000] {manager.py:878} INFO - 
================================================================================
DAG File Processing Stats

File Path                                             PID    Runtime      # DAGs    # Errors  Last Runtime    Last Run
----------------------------------------------------  -----  ---------  --------  ----------  --------------  -------------------
/opt/airflow/dags/enrich_precious_metals_with_rag.py                           1           0  1.18s           2026-03-16T19:01:18
/opt/airflow/dags/fetch_precious_metals.py                                     1           0  0.21s           2026-03-16T19:01:04
================================================================================
[2026-03-16T19:02:01.322+0000] {manager.py:878} INFO - 
================================================================================
DAG File Processing Stats

File Path                                             PID    Runtime      # DAGs    # Errors  Last Runtime    Last Run
----------------------------------------------------  -----  ---------  --------  ----------  --------------  -------------------
/opt/airflow/dags/enrich_precious_metals_with_rag.py                           1           0  1.12s           2026-03-16T19:01:49
/opt/airflow/dags/fetch_precious_metals.py                                     1           0  0.20s           2026-03-16T19:01:34
================================================================================
[2026-03-16T19:02:31.804+0000] {manager.py:878} INFO - 
================================================================================
DAG File Processing Stats

File Path                                             PID    Runtime      # DAGs    # Errors  Last Runtime    Last Run
----------------------------------------------------  -----  ---------  --------  ----------  --------------  -------------------
/opt/airflow/dags/enrich_precious_metals_with_rag.py                           1           0  1.26s           2026-03-16T19:02:14
/opt/airflow/dags/fetch_precious_metals.py                                     1           0  0.21s           2026-03-16T19:02:04
================================================================================
[2026-03-16T19:03:02.209+0000] {manager.py:878} INFO - 
================================================================================
DAG File Processing Stats

File Path                                             PID    Runtime      # DAGs    # Errors  Last Runtime    Last Run
----------------------------------------------------  -----  ---------  --------  ----------  --------------  -------------------
/opt/airflow/dags/enrich_precious_metals_with_rag.py                           1           0  1.21s           2026-03-16T19:02:46
/opt/airflow/dags/fetch_precious_metals.py                                     1           0  0.22s           2026-03-16T19:02:35
================================================================================
[2026-03-16T19:03:26.558+0000] {manager.py:737} INFO - Searching for files in /opt/airflow/dags
[2026-03-16T19:03:26.586+0000] {manager.py:740} INFO - There are 2 files in /opt/airflow/dags
[2026-03-16T19:03:32.637+0000] {manager.py:878} INFO - 
================================================================================
DAG File Processing Stats

File Path                                             PID    Runtime      # DAGs    # Errors  Last Runtime    Last Run
----------------------------------------------------  -----  ---------  --------  ----------  --------------  -------------------
/opt/airflow/dags/enrich_precious_metals_with_rag.py                           1           0  1.06s           2026-03-16T19:03:17
/opt/airflow/dags/fetch_precious_metals.py                                     1           0  0.21s           2026-03-16T19:03:05
================================================================================
[2026-03-16T19:04:02.828+0000] {manager.py:878} INFO - 
================================================================================
DAG File Processing Stats

File Path                                             PID    Runtime      # DAGs    # Errors  Last Runtime    Last Run
----------------------------------------------------  -----  ---------  --------  ----------  --------------  -------------------
/opt/airflow/dags/enrich_precious_metals_with_rag.py                           1           0  1.02s           2026-03-16T19:03:48
/opt/airflow/dags/fetch_precious_metals.py                                     1           0  0.23s           2026-03-16T19:03:35
================================================================================
[2026-03-16T19:04:33.005+0000] {manager.py:878} INFO - 
================================================================================
DAG File Processing Stats

File Path                                             PID    Runtime      # DAGs    # Errors  Last Runtime    Last Run
----------------------------------------------------  -----  ---------  --------  ----------  --------------  -------------------
/opt/airflow/dags/enrich_precious_metals_with_rag.py                           1           0  0.99s           2026-03-16T19:04:19
/opt/airflow/dags/fetch_precious_metals.py                                     1           0  0.20s           2026-03-16T19:04:07
================================================================================
[2026-03-16T19:05:03.381+0000] {manager.py:878} INFO - 
================================================================================
DAG File Processing Stats

File Path                                             PID    Runtime      # DAGs    # Errors  Last Runtime    Last Run
----------------------------------------------------  -----  ---------  --------  ----------  --------------  -------------------
/opt/airflow/dags/enrich_precious_metals_with_rag.py                           1           0  1.01s           2026-03-16T19:04:51
/opt/airflow/dags/fetch_precious_metals.py                                     1           0  0.36s           2026-03-16T19:04:37
================================================================================
[2026-03-16T19:05:33.912+0000] {manager.py:878} INFO - 
================================================================================
DAG File Processing Stats

File Path                                             PID    Runtime      # DAGs    # Errors  Last Runtime    Last Run
----------------------------------------------------  -----  ---------  --------  ----------  --------------  -------------------
/opt/airflow/dags/enrich_precious_metals_with_rag.py                           1           0  1.12s           2026-03-16T19:05:22
/opt/airflow/dags/fetch_precious_metals.py                                     1           0  0.21s           2026-03-16T19:05:07
================================================================================
[2026-03-16T19:06:04.219+0000] {manager.py:878} INFO - 
================================================================================
DAG File Processing Stats

File Path                                             PID    Runtime      # DAGs    # Errors  Last Runtime    Last Run
----------------------------------------------------  -----  ---------  --------  ----------  --------------  -------------------
/opt/airflow/dags/enrich_precious_metals_with_rag.py                           1           0  1.04s           2026-03-16T19:05:54
/opt/airflow/dags/fetch_precious_metals.py                                     1           0  0.23s           2026-03-16T19:05:38
================================================================================
[2026-03-16T19:06:34.607+0000] {manager.py:878} INFO - 
================================================================================
DAG File Processing Stats

File Path                                             PID    Runtime      # DAGs    # Errors  Last Runtime    Last Run
----------------------------------------------------  -----  ---------  --------  ----------  --------------  -------------------
/opt/airflow/dags/enrich_precious_metals_with_rag.py                           1           0  1.30s           2026-03-16T19:06:25
/opt/airflow/dags/fetch_precious_metals.py                                     1           0  0.22s           2026-03-16T19:06:09
================================================================================
[2026-03-16T19:07:04.865+0000] {manager.py:878} INFO - 
================================================================================
DAG File Processing Stats

File Path                                             PID    Runtime      # DAGs    # Errors  Last Runtime    Last Run
----------------------------------------------------  -----  ---------  --------  ----------  --------------  -------------------
/opt/airflow/dags/enrich_precious_metals_with_rag.py                           1           0  1.00s           2026-03-16T19:06:56
/opt/airflow/dags/fetch_precious_metals.py                                     1           0  0.21s           2026-03-16T19:06:39
================================================================================
[2026-03-16T19:07:35.154+0000] {manager.py:878} INFO - 
================================================================================
DAG File Processing Stats

File Path                                             PID    Runtime      # DAGs    # Errors  Last Runtime    Last Run
----------------------------------------------------  -----  ---------  --------  ----------  --------------  -------------------
/opt/airflow/dags/enrich_precious_metals_with_rag.py                           1           0  1.06s           2026-03-16T19:07:28
/opt/airflow/dags/fetch_precious_metals.py                                     1           0  0.24s           2026-03-16T19:07:10
================================================================================
[2026-03-16T19:08:05.397+0000] {manager.py:878} INFO - 
================================================================================
DAG File Processing Stats

File Path                                             PID    Runtime      # DAGs    # Errors  Last Runtime    Last Run
----------------------------------------------------  -----  ---------  --------  ----------  --------------  -------------------
/opt/airflow/dags/enrich_precious_metals_with_rag.py                           1           0  1.02s           2026-03-16T19:07:59
/opt/airflow/dags/fetch_precious_metals.py                                     1           0  0.22s           2026-03-16T19:07:40
================================================================================
[2026-03-16T19:08:26.712+0000] {manager.py:737} INFO - Searching for files in /opt/airflow/dags
[2026-03-16T19:08:26.734+0000] {manager.py:740} INFO - There are 2 files in /opt/airflow/dags
[2026-03-16T19:08:35.605+0000] {manager.py:878} INFO - 
================================================================================
DAG File Processing Stats

File Path                                             PID    Runtime      # DAGs    # Errors  Last Runtime    Last Run
----------------------------------------------------  -----  ---------  --------  ----------  --------------  -------------------
/opt/airflow/dags/enrich_precious_metals_with_rag.py                           1           0  1.14s           2026-03-16T19:08:30
/opt/airflow/dags/fetch_precious_metals.py                                     1           0  0.20s           2026-03-16T19:08:10
================================================================================
[2026-03-16T19:09:05.906+0000] {manager.py:878} INFO - 
================================================================================
DAG File Processing Stats

File Path                                             PID    Runtime      # DAGs    # Errors  Last Runtime    Last Run
----------------------------------------------------  -----  ---------  --------  ----------  --------------  -------------------
/opt/airflow/dags/enrich_precious_metals_with_rag.py                           1           0  1.10s           2026-03-16T19:09:01
/opt/airflow/dags/fetch_precious_metals.py                                     1           0  0.28s           2026-03-16T19:08:40
================================================================================
[2026-03-16T19:09:36.376+0000] {manager.py:878} INFO - 
================================================================================
DAG File Processing Stats

File Path                                             PID    Runtime      # DAGs    # Errors  Last Runtime    Last Run
----------------------------------------------------  -----  ---------  --------  ----------  --------------  -------------------
/opt/airflow/dags/enrich_precious_metals_with_rag.py                           1           0  1.21s           2026-03-16T19:09:20
/opt/airflow/dags/fetch_precious_metals.py                                     1           0  0.25s           2026-03-16T19:09:32
================================================================================
[2026-03-16T19:09:42.419+0000] {manager.py:452} INFO - Exiting gracefully upon receiving signal 15
[2026-03-16T19:10:16.421+0000] {manager.py:470} INFO - Processing files using up to 2 processes at a time 
[2026-03-16T19:10:16.422+0000] {manager.py:471} INFO - Process each file at most once every 30 seconds
[2026-03-16T19:10:16.423+0000] {manager.py:472} INFO - Checking for new files in /opt/airflow/dags every 300 seconds
[2026-03-16T19:10:16.424+0000] {manager.py:737} INFO - Searching for files in /opt/airflow/dags
[2026-03-16T19:10:16.448+0000] {manager.py:740} INFO - There are 2 files in /opt/airflow/dags
[2026-03-16T19:10:16.557+0000] {manager.py:878} INFO - 
================================================================================
DAG File Processing Stats

File Path                                               PID  Runtime      # DAGs    # Errors  Last Runtime    Last Run
----------------------------------------------------  -----  ---------  --------  ----------  --------------  ----------
/opt/airflow/dags/enrich_precious_metals_with_rag.py     29  0.04s             0           0
/opt/airflow/dags/fetch_precious_metals.py               28  0.05s             0           0
================================================================================
[2026-03-16T19:10:46.705+0000] {manager.py:878} INFO - 
================================================================================
DAG File Processing Stats

File Path                                             PID    Runtime      # DAGs    # Errors  Last Runtime    Last Run
----------------------------------------------------  -----  ---------  --------  ----------  --------------  -------------------
/opt/airflow/dags/enrich_precious_metals_with_rag.py                           1           0  2.49s           2026-03-16T19:10:19
/opt/airflow/dags/fetch_precious_metals.py                                     1           0  0.62s           2026-03-16T19:10:17
================================================================================
[2026-03-16T19:11:17.344+0000] {manager.py:878} INFO - 
================================================================================
DAG File Processing Stats

File Path                                             PID    Runtime      # DAGs    # Errors  Last Runtime    Last Run
----------------------------------------------------  -----  ---------  --------  ----------  --------------  -------------------
/opt/airflow/dags/enrich_precious_metals_with_rag.py                           1           0  1.20s           2026-03-16T19:10:50
/opt/airflow/dags/fetch_precious_metals.py                                     1           0  0.24s           2026-03-16T19:10:47
================================================================================
[2026-03-16T19:11:47.689+0000] {manager.py:878} INFO - 
================================================================================
DAG File Processing Stats

File Path                                             PID    Runtime      # DAGs    # Errors  Last Runtime    Last Run
----------------------------------------------------  -----  ---------  --------  ----------  --------------  -------------------
/opt/airflow/dags/enrich_precious_metals_with_rag.py                           1           0  1.03s           2026-03-16T19:11:21
/opt/airflow/dags/fetch_precious_metals.py                                     1           0  0.26s           2026-03-16T19:11:17
================================================================================
[2026-03-16T19:12:17.883+0000] {manager.py:878} INFO - 
================================================================================
DAG File Processing Stats

File Path                                             PID    Runtime      # DAGs    # Errors  Last Runtime    Last Run
----------------------------------------------------  -----  ---------  --------  ----------  --------------  -------------------
/opt/airflow/dags/enrich_precious_metals_with_rag.py                           1           0  1.01s           2026-03-16T19:11:52
/opt/airflow/dags/fetch_precious_metals.py                                     1           0  0.20s           2026-03-16T19:11:48
================================================================================
[2026-03-16T19:12:48.073+0000] {manager.py:878} INFO - 
================================================================================
DAG File Processing Stats

File Path                                             PID    Runtime      # DAGs    # Errors  Last Runtime    Last Run
----------------------------------------------------  -----  ---------  --------  ----------  --------------  -------------------
/opt/airflow/dags/enrich_precious_metals_with_rag.py                           1           0  1.08s           2026-03-16T19:12:24
/opt/airflow/dags/fetch_precious_metals.py                                     1           0  0.23s           2026-03-16T19:12:20
================================================================================
[2026-03-16T19:13:18.321+0000] {manager.py:878} INFO - 
================================================================================
DAG File Processing Stats

File Path                                             PID    Runtime      # DAGs    # Errors  Last Runtime    Last Run
----------------------------------------------------  -----  ---------  --------  ----------  --------------  -------------------
/opt/airflow/dags/enrich_precious_metals_with_rag.py                           1           0  1.11s           2026-03-16T19:12:55
/opt/airflow/dags/fetch_precious_metals.py                                     1           0  0.21s           2026-03-16T19:12:50
================================================================================
[2026-03-16T19:13:48.912+0000] {manager.py:878} INFO - 
================================================================================
DAG File Processing Stats

File Path                                             PID    Runtime      # DAGs    # Errors  Last Runtime    Last Run
----------------------------------------------------  -----  ---------  --------  ----------  --------------  -------------------
/opt/airflow/dags/enrich_precious_metals_with_rag.py                           1           0  1.49s           2026-03-16T19:13:26
/opt/airflow/dags/fetch_precious_metals.py                                     1           0  0.22s           2026-03-16T19:13:20
================================================================================
[2026-03-16T19:14:19.385+0000] {manager.py:878} INFO - 
================================================================================
DAG File Processing Stats

File Path                                             PID    Runtime      # DAGs    # Errors  Last Runtime    Last Run
----------------------------------------------------  -----  ---------  --------  ----------  --------------  -------------------
/opt/airflow/dags/enrich_precious_metals_with_rag.py                           1           0  2.00s           2026-03-16T19:13:59
/opt/airflow/dags/fetch_precious_metals.py                                     1           0  1.69s           2026-03-16T19:13:52
================================================================================
[2026-03-16T19:26:47.612+0000] {manager.py:470} INFO - Processing files using up to 2 processes at a time 
[2026-03-16T19:26:47.614+0000] {manager.py:471} INFO - Process each file at most once every 30 seconds
[2026-03-16T19:26:47.615+0000] {manager.py:472} INFO - Checking for new files in /opt/airflow/dags every 300 seconds
[2026-03-16T19:26:47.616+0000] {manager.py:737} INFO - Searching for files in /opt/airflow/dags
[2026-03-16T19:26:47.641+0000] {manager.py:740} INFO - There are 2 files in /opt/airflow/dags
[2026-03-16T19:26:47.760+0000] {manager.py:878} INFO - 
================================================================================
DAG File Processing Stats

File Path                                               PID  Runtime      # DAGs    # Errors  Last Runtime    Last Run
----------------------------------------------------  -----  ---------  --------  ----------  --------------  ----------
/opt/airflow/dags/enrich_precious_metals_with_rag.py     22  0.06s             0           0
/opt/airflow/dags/fetch_precious_metals.py               23  0.04s             0           0
================================================================================
[2026-03-16T19:27:17.931+0000] {manager.py:878} INFO - 
================================================================================
DAG File Processing Stats

File Path                                             PID    Runtime      # DAGs    # Errors  Last Runtime    Last Run
----------------------------------------------------  -----  ---------  --------  ----------  --------------  -------------------
/opt/airflow/dags/enrich_precious_metals_with_rag.py                           1           0  2.37s           2026-03-16T19:26:50
/opt/airflow/dags/fetch_precious_metals.py                                     1           0  0.68s           2026-03-16T19:26:48
================================================================================
[2026-03-16T19:27:47.955+0000] {manager.py:878} INFO - 
================================================================================
DAG File Processing Stats

File Path                                             PID    Runtime      # DAGs    # Errors  Last Runtime    Last Run
----------------------------------------------------  -----  ---------  --------  ----------  --------------  -------------------
/opt/airflow/dags/enrich_precious_metals_with_rag.py                           1           0  1.89s           2026-03-16T19:27:31
/opt/airflow/dags/fetch_precious_metals.py                                     1           0  0.28s           2026-03-16T19:27:19
================================================================================
[2026-03-16T19:28:18.031+0000] {manager.py:878} INFO - 
================================================================================
DAG File Processing Stats

File Path                                             PID    Runtime      # DAGs    # Errors  Last Runtime    Last Run
----------------------------------------------------  -----  ---------  --------  ----------  --------------  -------------------
/opt/airflow/dags/enrich_precious_metals_with_rag.py                           1           0  1.44s           2026-03-16T19:28:03
/opt/airflow/dags/fetch_precious_metals.py                                     1           0  0.32s           2026-03-16T19:27:49
================================================================================
[2026-03-16T19:28:48.524+0000] {manager.py:878} INFO - 
================================================================================
DAG File Processing Stats

File Path                                             PID    Runtime      # DAGs    # Errors  Last Runtime    Last Run
----------------------------------------------------  -----  ---------  --------  ----------  --------------  -------------------
/opt/airflow/dags/enrich_precious_metals_with_rag.py                           1           0  1.29s           2026-03-16T19:28:34
/opt/airflow/dags/fetch_precious_metals.py                                     1           0  0.26s           2026-03-16T19:28:20
================================================================================
[2026-03-16T19:29:18.950+0000] {manager.py:878} INFO - 
================================================================================
DAG File Processing Stats

File Path                                             PID    Runtime      # DAGs    # Errors  Last Runtime    Last Run
----------------------------------------------------  -----  ---------  --------  ----------  --------------  -------------------
/opt/airflow/dags/enrich_precious_metals_with_rag.py                           1           0  1.37s           2026-03-16T19:29:06
/opt/airflow/dags/fetch_precious_metals.py                                     1           0  0.22s           2026-03-16T19:28:50
================================================================================
[2026-03-16T19:29:49.439+0000] {manager.py:878} INFO - 
================================================================================
DAG File Processing Stats

File Path                                             PID    Runtime      # DAGs    # Errors  Last Runtime    Last Run
----------------------------------------------------  -----  ---------  --------  ----------  --------------  -------------------
/opt/airflow/dags/enrich_precious_metals_with_rag.py                           1           0  1.32s           2026-03-16T19:29:37
/opt/airflow/dags/fetch_precious_metals.py                                     1           0  0.27s           2026-03-16T19:29:21
================================================================================
[2026-03-16T19:30:19.937+0000] {manager.py:878} INFO - 
================================================================================
DAG File Processing Stats

File Path                                             PID    Runtime      # DAGs    # Errors  Last Runtime    Last Run
----------------------------------------------------  -----  ---------  --------  ----------  --------------  -------------------
/opt/airflow/dags/enrich_precious_metals_with_rag.py                           1           0  1.37s           2026-03-16T19:30:09
/opt/airflow/dags/fetch_precious_metals.py                                     1           0  0.27s           2026-03-16T19:29:51
================================================================================
[2026-03-16T19:30:50.439+0000] {manager.py:878} INFO - 
================================================================================
DAG File Processing Stats

File Path                                             PID    Runtime      # DAGs    # Errors  Last Runtime    Last Run
----------------------------------------------------  -----  ---------  --------  ----------  --------------  -------------------
/opt/airflow/dags/enrich_precious_metals_with_rag.py                           1           0  1.35s           2026-03-16T19:30:40
/opt/airflow/dags/fetch_precious_metals.py                                     1           0  0.26s           2026-03-16T19:30:22
================================================================================
[2026-03-16T19:31:20.550+0000] {manager.py:878} INFO - 
================================================================================
DAG File Processing Stats

File Path                                             PID    Runtime      # DAGs    # Errors  Last Runtime    Last Run
----------------------------------------------------  -----  ---------  --------  ----------  --------------  -------------------
/opt/airflow/dags/enrich_precious_metals_with_rag.py                           1           0  1.64s           2026-03-16T19:31:12
/opt/airflow/dags/fetch_precious_metals.py                                     1           0  0.27s           2026-03-16T19:30:52
================================================================================
[2026-03-16T19:31:47.631+0000] {manager.py:737} INFO - Searching for files in /opt/airflow/dags
[2026-03-16T19:31:47.661+0000] {manager.py:740} INFO - There are 2 files in /opt/airflow/dags
[2026-03-16T19:31:50.695+0000] {manager.py:878} INFO - 
================================================================================
DAG File Processing Stats

File Path                                             PID    Runtime      # DAGs    # Errors  Last Runtime    Last Run
----------------------------------------------------  -----  ---------  --------  ----------  --------------  -------------------
/opt/airflow/dags/enrich_precious_metals_with_rag.py                           1           0  1.48s           2026-03-16T19:31:44
/opt/airflow/dags/fetch_precious_metals.py                                     1           0  0.26s           2026-03-16T19:31:23
================================================================================
[2026-03-16T19:32:20.846+0000] {manager.py:878} INFO - 
================================================================================
DAG File Processing Stats

File Path                                             PID    Runtime      # DAGs    # Errors  Last Runtime    Last Run
----------------------------------------------------  -----  ---------  --------  ----------  --------------  -------------------
/opt/airflow/dags/enrich_precious_metals_with_rag.py                           1           0  1.25s           2026-03-16T19:32:15
/opt/airflow/dags/fetch_precious_metals.py                                     1           0  0.24s           2026-03-16T19:31:53
================================================================================
[2026-03-16T19:32:51.071+0000] {manager.py:878} INFO - 
================================================================================
DAG File Processing Stats

File Path                                             PID    Runtime      # DAGs    # Errors  Last Runtime    Last Run
----------------------------------------------------  -----  ---------  --------  ----------  --------------  -------------------
/opt/airflow/dags/enrich_precious_metals_with_rag.py                           1           0  0.96s           2026-03-16T19:32:47
/opt/airflow/dags/fetch_precious_metals.py                                     1           0  0.28s           2026-03-16T19:32:24
================================================================================
[2026-03-16T19:33:21.746+0000] {manager.py:878} INFO - 
================================================================================
DAG File Processing Stats

File Path                                             PID    Runtime      # DAGs    # Errors  Last Runtime    Last Run
----------------------------------------------------  -----  ---------  --------  ----------  --------------  -------------------
/opt/airflow/dags/enrich_precious_metals_with_rag.py                           1           0  1.46s           2026-03-16T19:33:18
/opt/airflow/dags/fetch_precious_metals.py                                     1           0  0.24s           2026-03-16T19:32:54
================================================================================
[2026-03-16T19:33:52.236+0000] {manager.py:878} INFO - 
================================================================================
DAG File Processing Stats

File Path                                             PID    Runtime      # DAGs    # Errors  Last Runtime    Last Run
----------------------------------------------------  -----  ---------  --------  ----------  --------------  -------------------
/opt/airflow/dags/enrich_precious_metals_with_rag.py                           1           0  1.25s           2026-03-16T19:33:50
/opt/airflow/dags/fetch_precious_metals.py                                     1           0  0.26s           2026-03-16T19:33:25
================================================================================
[2026-03-16T19:34:22.732+0000] {manager.py:878} INFO - 
================================================================================
DAG File Processing Stats

File Path                                             PID    Runtime      # DAGs    # Errors  Last Runtime    Last Run
----------------------------------------------------  -----  ---------  --------  ----------  --------------  -------------------
/opt/airflow/dags/enrich_precious_metals_with_rag.py                           1           0  1.32s           2026-03-16T19:34:22
/opt/airflow/dags/fetch_precious_metals.py                                     1           0  0.26s           2026-03-16T19:33:55
================================================================================
[2026-03-16T19:34:53.266+0000] {manager.py:878} INFO - 
================================================================================
DAG File Processing Stats

File Path                                               PID  Runtime      # DAGs    # Errors  Last Runtime    Last Run
----------------------------------------------------  -----  ---------  --------  ----------  --------------  -------------------
/opt/airflow/dags/enrich_precious_metals_with_rag.py    168  1.01s             1           0  1.32s           2026-03-16T19:34:22
/opt/airflow/dags/fetch_precious_metals.py                                     1           0  0.34s           2026-03-16T19:34:26
================================================================================
[2026-03-16T19:35:23.517+0000] {manager.py:878} INFO - 
================================================================================
DAG File Processing Stats

File Path                                             PID    Runtime      # DAGs    # Errors  Last Runtime    Last Run
----------------------------------------------------  -----  ---------  --------  ----------  --------------  -------------------
/opt/airflow/dags/enrich_precious_metals_with_rag.py                           1           0  1.39s           2026-03-16T19:34:53
/opt/airflow/dags/fetch_precious_metals.py                                     1           0  0.28s           2026-03-16T19:34:56
================================================================================
[2026-03-16T19:35:54.031+0000] {manager.py:878} INFO - 
================================================================================
DAG File Processing Stats

File Path                                             PID    Runtime      # DAGs    # Errors  Last Runtime    Last Run
----------------------------------------------------  -----  ---------  --------  ----------  --------------  -------------------
/opt/airflow/dags/enrich_precious_metals_with_rag.py                           1           0  1.40s           2026-03-16T19:35:25
/opt/airflow/dags/fetch_precious_metals.py                                     1           0  0.27s           2026-03-16T19:35:27
================================================================================
[2026-03-16T19:36:24.502+0000] {manager.py:878} INFO - 
================================================================================
DAG File Processing Stats

File Path                                             PID    Runtime      # DAGs    # Errors  Last Runtime    Last Run
----------------------------------------------------  -----  ---------  --------  ----------  --------------  -------------------
/opt/airflow/dags/enrich_precious_metals_with_rag.py                           1           0  1.52s           2026-03-16T19:35:56
/opt/airflow/dags/fetch_precious_metals.py                                     1           0  0.28s           2026-03-16T19:35:57
================================================================================
[2026-03-16T19:36:47.932+0000] {manager.py:737} INFO - Searching for files in /opt/airflow/dags
[2026-03-16T19:36:47.959+0000] {manager.py:740} INFO - There are 2 files in /opt/airflow/dags
[2026-03-16T19:36:55.028+0000] {manager.py:878} INFO - 
================================================================================
DAG File Processing Stats

File Path                                             PID    Runtime      # DAGs    # Errors  Last Runtime    Last Run
----------------------------------------------------  -----  ---------  --------  ----------  --------------  -------------------
/opt/airflow/dags/enrich_precious_metals_with_rag.py                           1           0  1.29s           2026-03-16T19:36:28
/opt/airflow/dags/fetch_precious_metals.py                                     1           0  0.28s           2026-03-16T19:36:28
================================================================================
[2026-03-16T19:37:25.270+0000] {manager.py:878} INFO - 
================================================================================
DAG File Processing Stats

File Path                                             PID    Runtime      # DAGs    # Errors  Last Runtime    Last Run
----------------------------------------------------  -----  ---------  --------  ----------  --------------  -------------------
/opt/airflow/dags/enrich_precious_metals_with_rag.py                           1           0  1.28s           2026-03-16T19:37:00
/opt/airflow/dags/fetch_precious_metals.py                                     1           0  0.29s           2026-03-16T19:36:59
================================================================================
[2026-03-16T19:37:55.412+0000] {manager.py:878} INFO - 
================================================================================
DAG File Processing Stats

File Path                                             PID    Runtime      # DAGs    # Errors  Last Runtime    Last Run
----------------------------------------------------  -----  ---------  --------  ----------  --------------  -------------------
/opt/airflow/dags/enrich_precious_metals_with_rag.py                           1           0  1.65s           2026-03-16T19:37:32
/opt/airflow/dags/fetch_precious_metals.py                                     1           0  0.38s           2026-03-16T19:37:29
================================================================================
[2026-03-16T19:38:25.769+0000] {manager.py:878} INFO - 
================================================================================
DAG File Processing Stats

File Path                                             PID    Runtime      # DAGs    # Errors  Last Runtime    Last Run
----------------------------------------------------  -----  ---------  --------  ----------  --------------  -------------------
/opt/airflow/dags/enrich_precious_metals_with_rag.py                           1           0  1.35s           2026-03-16T19:38:03
/opt/airflow/dags/fetch_precious_metals.py                                     1           0  0.30s           2026-03-16T19:38:00
================================================================================
[2026-03-16T19:38:56.412+0000] {manager.py:878} INFO - 
================================================================================
DAG File Processing Stats

File Path                                             PID    Runtime      # DAGs    # Errors  Last Runtime    Last Run
----------------------------------------------------  -----  ---------  --------  ----------  --------------  -------------------
/opt/airflow/dags/enrich_precious_metals_with_rag.py                           1           0  1.37s           2026-03-16T19:38:35
/opt/airflow/dags/fetch_precious_metals.py                                     1           0  0.37s           2026-03-16T19:38:31
================================================================================
[2026-03-16T19:39:26.537+0000] {manager.py:878} INFO - 
================================================================================
DAG File Processing Stats

File Path                                             PID    Runtime      # DAGs    # Errors  Last Runtime    Last Run
----------------------------------------------------  -----  ---------  --------  ----------  --------------  -------------------
/opt/airflow/dags/enrich_precious_metals_with_rag.py                           1           0  1.61s           2026-03-16T19:39:22
/opt/airflow/dags/fetch_precious_metals.py                                     1           0  0.28s           2026-03-16T19:39:01
================================================================================
[2026-03-16T19:39:56.769+0000] {manager.py:878} INFO - 
================================================================================
DAG File Processing Stats

File Path                                             PID    Runtime      # DAGs    # Errors  Last Runtime    Last Run
----------------------------------------------------  -----  ---------  --------  ----------  --------------  -------------------
/opt/airflow/dags/enrich_precious_metals_with_rag.py                           1           0  1.78s           2026-03-16T19:39:52
/opt/airflow/dags/fetch_precious_metals.py                                     1           0  0.31s           2026-03-16T19:39:32
================================================================================
[2026-03-16T19:40:27.336+0000] {manager.py:878} INFO - 
================================================================================
DAG File Processing Stats

File Path                                             PID    Runtime      # DAGs    # Errors  Last Runtime    Last Run
----------------------------------------------------  -----  ---------  --------  ----------  --------------  -------------------
/opt/airflow/dags/enrich_precious_metals_with_rag.py                           1           0  1.32s           2026-03-16T19:40:23
/opt/airflow/dags/fetch_precious_metals.py                                     1           0  0.32s           2026-03-16T19:40:03
================================================================================
[2026-03-16T19:40:57.399+0000] {manager.py:878} INFO - 
================================================================================
DAG File Processing Stats

File Path                                             PID    Runtime      # DAGs    # Errors  Last Runtime    Last Run
----------------------------------------------------  -----  ---------  --------  ----------  --------------  -------------------
/opt/airflow/dags/enrich_precious_metals_with_rag.py                           1           0  1.53s           2026-03-16T19:40:55
/opt/airflow/dags/fetch_precious_metals.py                                     1           0  0.27s           2026-03-16T19:40:33
================================================================================
[2026-03-16T19:41:27.462+0000] {manager.py:878} INFO - 
================================================================================
DAG File Processing Stats

File Path                                             PID    Runtime      # DAGs    # Errors  Last Runtime    Last Run
----------------------------------------------------  -----  ---------  --------  ----------  --------------  -------------------
/opt/airflow/dags/enrich_precious_metals_with_rag.py                           1           0  1.30s           2026-03-16T19:41:26
/opt/airflow/dags/fetch_precious_metals.py                                     1           0  0.31s           2026-03-16T19:41:04
================================================================================
[2026-03-16T19:41:48.906+0000] {manager.py:737} INFO - Searching for files in /opt/airflow/dags
[2026-03-16T19:41:48.933+0000] {manager.py:740} INFO - There are 2 files in /opt/airflow/dags
[2026-03-16T19:41:58.050+0000] {manager.py:878} INFO - 
================================================================================
DAG File Processing Stats

File Path                                               PID  Runtime      # DAGs    # Errors  Last Runtime    Last Run
----------------------------------------------------  -----  ---------  --------  ----------  --------------  -------------------
/opt/airflow/dags/enrich_precious_metals_with_rag.py    218  1.01s             1           0  1.30s           2026-03-16T19:41:26
/opt/airflow/dags/fetch_precious_metals.py                                     1           0  0.30s           2026-03-16T19:41:34
================================================================================
[2026-03-16T19:42:28.286+0000] {manager.py:878} INFO - 
================================================================================
DAG File Processing Stats

File Path                                             PID    Runtime      # DAGs    # Errors  Last Runtime    Last Run
----------------------------------------------------  -----  ---------  --------  ----------  --------------  -------------------
/opt/airflow/dags/enrich_precious_metals_with_rag.py                           1           0  1.44s           2026-03-16T19:41:58
/opt/airflow/dags/fetch_precious_metals.py                                     1           0  0.28s           2026-03-16T19:42:05
================================================================================
[2026-03-16T19:42:59.105+0000] {manager.py:878} INFO - 
================================================================================
DAG File Processing Stats

File Path                                             PID    Runtime      # DAGs    # Errors  Last Runtime    Last Run
----------------------------------------------------  -----  ---------  --------  ----------  --------------  -------------------
/opt/airflow/dags/enrich_precious_metals_with_rag.py                           1           0  1.26s           2026-03-16T19:42:29
/opt/airflow/dags/fetch_precious_metals.py                                     1           0  0.32s           2026-03-16T19:42:35
================================================================================
[2026-03-16T19:43:29.381+0000] {manager.py:878} INFO - 
================================================================================
DAG File Processing Stats

File Path                                             PID    Runtime      # DAGs    # Errors  Last Runtime    Last Run
----------------------------------------------------  -----  ---------  --------  ----------  --------------  -------------------
/opt/airflow/dags/enrich_precious_metals_with_rag.py                           1           0  1.38s           2026-03-16T19:43:01
/opt/airflow/dags/fetch_precious_metals.py                                     1           0  0.33s           2026-03-16T19:43:06
================================================================================
[2026-03-16T19:43:59.399+0000] {manager.py:878} INFO - 
================================================================================
DAG File Processing Stats

File Path                                             PID    Runtime      # DAGs    # Errors  Last Runtime    Last Run
----------------------------------------------------  -----  ---------  --------  ----------  --------------  -------------------
/opt/airflow/dags/enrich_precious_metals_with_rag.py                           1           0  1.50s           2026-03-16T19:43:33
/opt/airflow/dags/fetch_precious_metals.py                                     1           0  0.42s           2026-03-16T19:43:37
================================================================================
[2026-03-16T19:44:29.689+0000] {manager.py:878} INFO - 
================================================================================
DAG File Processing Stats

File Path                                             PID    Runtime      # DAGs    # Errors  Last Runtime    Last Run
----------------------------------------------------  -----  ---------  --------  ----------  --------------  -------------------
/opt/airflow/dags/enrich_precious_metals_with_rag.py                           1           0  1.39s           2026-03-16T19:44:04
/opt/airflow/dags/fetch_precious_metals.py                                     1           0  0.25s           2026-03-16T19:44:07
================================================================================
[2026-03-16T19:44:59.808+0000] {manager.py:878} INFO - 
================================================================================
DAG File Processing Stats

File Path                                             PID    Runtime      # DAGs    # Errors  Last Runtime    Last Run
----------------------------------------------------  -----  ---------  --------  ----------  --------------  -------------------
/opt/airflow/dags/enrich_precious_metals_with_rag.py                           1           0  1.65s           2026-03-16T19:44:58
/opt/airflow/dags/fetch_precious_metals.py                                     1           0  0.25s           2026-03-16T19:44:38
================================================================================
[2026-03-16T19:45:29.889+0000] {manager.py:878} INFO - 
================================================================================
DAG File Processing Stats

File Path                                             PID    Runtime      # DAGs    # Errors  Last Runtime    Last Run
----------------------------------------------------  -----  ---------  --------  ----------  --------------  -------------------
/opt/airflow/dags/enrich_precious_metals_with_rag.py                           1           0  1.75s           2026-03-16T19:45:13
/opt/airflow/dags/fetch_precious_metals.py                                     1           0  0.27s           2026-03-16T19:45:08
================================================================================
[2026-03-16T19:46:00.079+0000] {manager.py:878} INFO - 
================================================================================
DAG File Processing Stats

File Path                                             PID    Runtime      # DAGs    # Errors  Last Runtime    Last Run
----------------------------------------------------  -----  ---------  --------  ----------  --------------  -------------------
/opt/airflow/dags/enrich_precious_metals_with_rag.py                           1           0  1.04s           2026-03-16T19:45:45
/opt/airflow/dags/fetch_precious_metals.py                                     1           0  0.25s           2026-03-16T19:45:39
================================================================================
[2026-03-16T19:46:30.267+0000] {manager.py:878} INFO - 
================================================================================
DAG File Processing Stats

File Path                                             PID    Runtime      # DAGs    # Errors  Last Runtime    Last Run
----------------------------------------------------  -----  ---------  --------  ----------  --------------  -------------------
/opt/airflow/dags/enrich_precious_metals_with_rag.py                           1           0  1.10s           2026-03-16T19:46:16
/opt/airflow/dags/fetch_precious_metals.py                                     1           0  0.22s           2026-03-16T19:46:10
================================================================================
[2026-03-16T19:46:49.440+0000] {manager.py:737} INFO - Searching for files in /opt/airflow/dags
[2026-03-16T19:46:49.460+0000] {manager.py:740} INFO - There are 2 files in /opt/airflow/dags
[2026-03-16T19:47:00.528+0000] {manager.py:878} INFO - 
================================================================================
DAG File Processing Stats

File Path                                             PID    Runtime      # DAGs    # Errors  Last Runtime    Last Run
----------------------------------------------------  -----  ---------  --------  ----------  --------------  -------------------
/opt/airflow/dags/enrich_precious_metals_with_rag.py                           1           0  0.99s           2026-03-16T19:46:47
/opt/airflow/dags/fetch_precious_metals.py                                     1           0  0.21s           2026-03-16T19:46:40
================================================================================
[2026-03-16T19:47:30.892+0000] {manager.py:878} INFO - 
================================================================================
DAG File Processing Stats

File Path                                             PID    Runtime      # DAGs    # Errors  Last Runtime    Last Run
----------------------------------------------------  -----  ---------  --------  ----------  --------------  -------------------
/opt/airflow/dags/enrich_precious_metals_with_rag.py                           1           0  1.19s           2026-03-16T19:47:19
/opt/airflow/dags/fetch_precious_metals.py                                     1           0  0.24s           2026-03-16T19:47:11
================================================================================
[2026-03-16T19:48:01.242+0000] {manager.py:878} INFO - 
================================================================================
DAG File Processing Stats

File Path                                             PID    Runtime      # DAGs    # Errors  Last Runtime    Last Run
----------------------------------------------------  -----  ---------  --------  ----------  --------------  -------------------
/opt/airflow/dags/enrich_precious_metals_with_rag.py                           1           0  1.01s           2026-03-16T19:47:50
/opt/airflow/dags/fetch_precious_metals.py                                     1           0  0.24s           2026-03-16T19:47:41
================================================================================
[2026-03-16T19:48:31.442+0000] {manager.py:878} INFO - 
================================================================================
DAG File Processing Stats

File Path                                             PID    Runtime      # DAGs    # Errors  Last Runtime    Last Run
----------------------------------------------------  -----  ---------  --------  ----------  --------------  -------------------
/opt/airflow/dags/enrich_precious_metals_with_rag.py                           1           0  1.07s           2026-03-16T19:48:21
/opt/airflow/dags/fetch_precious_metals.py                                     1           0  0.22s           2026-03-16T19:48:12
================================================================================
[2026-03-16T19:49:01.672+0000] {manager.py:878} INFO - 
================================================================================
DAG File Processing Stats

File Path                                             PID    Runtime      # DAGs    # Errors  Last Runtime    Last Run
----------------------------------------------------  -----  ---------  --------  ----------  --------------  -------------------
/opt/airflow/dags/enrich_precious_metals_with_rag.py                           1           0  1.06s           2026-03-16T19:48:52
/opt/airflow/dags/fetch_precious_metals.py                                     1           0  0.23s           2026-03-16T19:48:42
================================================================================
[2026-03-16T19:49:31.894+0000] {manager.py:878} INFO - 
================================================================================
DAG File Processing Stats

File Path                                             PID    Runtime      # DAGs    # Errors  Last Runtime    Last Run
----------------------------------------------------  -----  ---------  --------  ----------  --------------  -------------------
/opt/airflow/dags/enrich_precious_metals_with_rag.py                           1           0  1.18s           2026-03-16T19:49:24
/opt/airflow/dags/fetch_precious_metals.py                                     1           0  0.22s           2026-03-16T19:49:13
================================================================================
[2026-03-16T19:50:02.252+0000] {manager.py:878} INFO - 
================================================================================
DAG File Processing Stats

File Path                                             PID    Runtime      # DAGs    # Errors  Last Runtime    Last Run
----------------------------------------------------  -----  ---------  --------  ----------  --------------  -------------------
/opt/airflow/dags/enrich_precious_metals_with_rag.py                           1           0  1.06s           2026-03-16T19:49:55
/opt/airflow/dags/fetch_precious_metals.py                                     1           0  0.24s           2026-03-16T19:49:44
================================================================================
[2026-03-16T19:50:32.452+0000] {manager.py:878} INFO - 
================================================================================
DAG File Processing Stats

File Path                                             PID    Runtime      # DAGs    # Errors  Last Runtime    Last Run
----------------------------------------------------  -----  ---------  --------  ----------  --------------  -------------------
/opt/airflow/dags/enrich_precious_metals_with_rag.py                           1           0  1.00s           2026-03-16T19:50:26
/opt/airflow/dags/fetch_precious_metals.py                                     1           0  0.24s           2026-03-16T19:50:15
================================================================================
[2026-03-16T19:51:02.833+0000] {manager.py:878} INFO - 
================================================================================
DAG File Processing Stats

File Path                                             PID    Runtime      # DAGs    # Errors  Last Runtime    Last Run
----------------------------------------------------  -----  ---------  --------  ----------  --------------  -------------------
/opt/airflow/dags/enrich_precious_metals_with_rag.py                           1           0  1.04s           2026-03-16T19:50:57
/opt/airflow/dags/fetch_precious_metals.py                                     1           0  0.20s           2026-03-16T19:50:45
================================================================================
[2026-03-16T19:51:05.500+0000] {manager.py:452} INFO - Exiting gracefully upon receiving signal 15
